<?xml version="1.0" encoding="UTF-8"?>
<!-- Generated by org.testng.reporters.JUnitReportReporter -->
<testsuite skipped="0" hostname="ip-172-31-31-91" name="tests.LoginTest" tests="1" failures="0" timestamp="23 Mar 2021 15:57:26 GMT" time="5.357" errors="0">
  <testcase name="login" time="5.357" classname="tests.LoginTest"/>
</testsuite> <!-- tests.LoginTest -->
