<?xml version="1.0" encoding="UTF-8"?>
<!-- Generated by org.testng.reporters.JUnitReportReporter -->
<testsuite hostname="ip-172-31-31-91" name="tests.LoginTest" tests="1" failures="0" timestamp="25 Mar 2021 13:56:06 GMT" time="3.998" errors="0">
  <testcase name="login" time="3.998" classname="tests.LoginTest"/>
</testsuite> <!-- tests.LoginTest -->
